[23:19:00] [ServerMain/INFO]: [bootstrap] Running Java 21 (OpenJDK 64-Bit Server VM 21.0.8+9-Ubuntu-0ubuntu124.04.1; Ubuntu null) on Linux 6.8.0-1030-azure (amd64)
[23:19:00] [ServerMain/INFO]: [bootstrap] Loading Paper 1.21-130-master@b1b5d4c (2024-08-10T10:02:42Z) for Minecraft 1.21
[23:19:00] [ServerMain/INFO]: [PluginInitializerManager] Initializing plugins...
[23:19:03] [ServerMain/ERROR]: [DirectoryProviderSource] Error loading plugin: java.lang.IllegalArgumentException: Directory 'plugins/.paper-remapped/FallingTree-1.21.8-1.21.8.2.jar' does not contain a paper-plugin.yml or plugin.yml! Could not determine plugin type, cannot load a plugin from it!
java.lang.RuntimeException: java.lang.IllegalArgumentException: Directory 'plugins/.paper-remapped/FallingTree-1.21.8-1.21.8.2.jar' does not contain a paper-plugin.yml or plugin.yml! Could not determine plugin type, cannot load a plugin from it!
	at io.papermc.paper.plugin.provider.source.FileProviderSource.registerProviders(FileProviderSource.java:86) ~[paper-1.21.jar:1.21-130-b1b5d4c]
	at io.papermc.paper.plugin.provider.source.DirectoryProviderSource.registerProviders(DirectoryProviderSource.java:52) ~[paper-1.21.jar:1.21-130-b1b5d4c]
	at io.papermc.paper.plugin.provider.source.DirectoryProviderSource.registerProviders(DirectoryProviderSource.java:17) ~[paper-1.21.jar:1.21-130-b1b5d4c]
	at io.papermc.paper.plugin.util.EntrypointUtil.registerProvidersFromSource(EntrypointUtil.java:15) ~[paper-1.21.jar:1.21-130-b1b5d4c]
	at io.papermc.paper.plugin.PluginInitializerManager.load(PluginInitializerManager.java:113) ~[paper-1.21.jar:1.21-130-b1b5d4c]
	at net.minecraft.server.Main.main(Main.java:123) ~[paper-1.21.jar:1.21-130-b1b5d4c]
	at io.papermc.paper.PaperBootstrap.boot(PaperBootstrap.java:21) ~[paper-1.21.jar:1.21-130-b1b5d4c]
	at org.bukkit.craftbukkit.Main.main(Main.java:281) ~[paper-1.21.jar:1.21-130-b1b5d4c]
	at io.papermc.paperclip.Paperclip.lambda$main$0(Paperclip.java:42) ~[app:?]
	at java.base/java.lang.Thread.run(Thread.java:1583) ~[?:?]
Caused by: java.lang.IllegalArgumentException: Directory 'plugins/.paper-remapped/FallingTree-1.21.8-1.21.8.2.jar' does not contain a paper-plugin.yml or plugin.yml! Could not determine plugin type, cannot load a plugin from it!
	... 10 more
[23:19:03] [ServerMain/INFO]: [PluginInitializerManager] Initialized 10 plugins
[23:19:03] [ServerMain/INFO]: [PluginInitializerManager] Bukkit plugins (10):
 - AxGraves (1.22.3), Chunky (1.4.40), ClanMaker (1.0), LevelledMobs (4.3.2.1 b125), SetHome (2.0), SimpleTimber (2.1.0), SkinsRestorer (15.7.8), TAB (5.2.5), UltraPickaxe (1.2.5), ViaVersion (5.4.1)
[23:19:08] [ServerMain/INFO]: Environment: Environment[sessionHost=https://sessionserver.mojang.com, servicesHost=https://api.minecraftservices.com, name=PROD]
[23:19:10] [ServerMain/INFO]: Loaded 1290 recipes
[23:19:10] [ServerMain/INFO]: Loaded 1399 advancements
[23:19:10] [Server thread/INFO]: Starting minecraft server version 1.21
[23:19:10] [Server thread/INFO]: Loading properties
[23:19:10] [Server thread/INFO]: This server is running Paper version 1.21-130-master@b1b5d4c (2024-08-10T10:02:42Z) (Implementing API version 1.21-R0.1-SNAPSHOT)
[23:19:11] [Server thread/INFO]: [spark] This server bundles the spark profiler. For more information please visit https://docs.papermc.io/paper/profiling
[23:19:11] [Server thread/INFO]: Using 4 threads for Netty based IO
[23:19:11] [Server thread/INFO]: Server Ping Player Sample Count: 12
[23:19:12] [Server thread/INFO]: [ChunkTaskScheduler] Chunk system is using 1 I/O threads, 1 worker threads, and population gen parallelism of 1 threads
[23:19:12] [Server thread/INFO]: Default game type: SURVIVAL
[23:19:12] [Server thread/INFO]: Generating keypair
[23:19:12] [Server thread/INFO]: Starting Minecraft server on *:25565
[23:19:12] [Server thread/INFO]: Using epoll channel type
[23:19:12] [Server thread/INFO]: Paper: Using libdeflate (Linux x86_64) compression from Velocity.
[23:19:12] [Server thread/INFO]: Paper: Using OpenSSL 3.0.x (Linux x86_64) cipher from Velocity.
[23:19:16] [Server thread/INFO]: [ViaVersion] Loading server plugin ViaVersion v5.4.1
[23:19:16] [Server thread/INFO]: [ViaVersion] ViaVersion 5.4.1 is now loaded. Registering protocol transformers and injecting...
[23:19:17] [Via-Mappingloader-0/INFO]: [ViaVersion] Loading block connection mappings ...
[23:19:17] [Via-Mappingloader-0/INFO]: [ViaVersion] Using FastUtil Long2ObjectOpenHashMap for block connections
[23:19:18] [Server thread/INFO]: [Chunky] Loading server plugin Chunky v1.4.40
[23:19:18] [Server thread/INFO]: [LevelledMobs] Loading server plugin LevelledMobs v4.3.2.1 b125
[23:19:18] [Server thread/INFO]: [LevelledMobs] Loading commands
[23:19:19] [Server thread/INFO]: [ClanMaker] Loading server plugin ClanMaker v1.0
[23:19:19] [Server thread/INFO]: [TAB] Loading server plugin TAB v5.2.5
[23:19:19] [Server thread/INFO]: [UltraPickaxe] Loading server plugin UltraPickaxe v1.2.5
[23:19:19] [Server thread/INFO]: [SetHome] Loading server plugin SetHome v2.0
[23:19:19] [Server thread/INFO]: [SkinsRestorer] Loading server plugin SkinsRestorer v15.7.8
[23:19:19] [Server thread/INFO]: [AxGraves] Loading server plugin AxGraves v1.22.3
[23:19:19] [Server thread/INFO]: [SimpleTimber] Loading server plugin SimpleTimber v2.1.0
[23:19:19] [Server thread/INFO]: Server permissions file permissions.yml is empty, ignoring it
[23:19:19] [Server thread/INFO]: [SkinsRestorer] Enabling SkinsRestorer v15.7.8
[23:19:21] [Server thread/INFO]: [SkinsRestorer] Running on Minecraft 1.21.0.
[23:19:21] [Server thread/INFO]: [SkinsRestorer] Using paper join listener!
[23:19:21] [Server thread/WARN]: **** SERVER IS RUNNING IN OFFLINE/INSECURE MODE!
[23:19:21] [Server thread/WARN]: The server will make no attempt to authenticate usernames. Beware.
[23:19:21] [Server thread/WARN]: While this makes the game possible to play without internet access, it also opens up the ability for hackers to connect with any username they choose.
[23:19:21] [Server thread/WARN]: To change this, set "online-mode" to "true" in the server.properties file.
[23:19:21] [Server thread/INFO]: Preparing level "world"
[23:19:22] [Folia Async Scheduler Thread #1/INFO]: [SkinsRestorer] ----------------------------------------------
[23:19:22] [Folia Async Scheduler Thread #1/INFO]: [SkinsRestorer]     +==================+
[23:19:22] [Folia Async Scheduler Thread #1/INFO]: [SkinsRestorer]     |   SkinsRestorer  |
[23:19:22] [Folia Async Scheduler Thread #1/INFO]: [SkinsRestorer]     |------------------|
[23:19:22] [Folia Async Scheduler Thread #1/INFO]: [SkinsRestorer]     |  Standalone Mode |
[23:19:22] [Folia Async Scheduler Thread #1/INFO]: [SkinsRestorer]     +==================+
[23:19:22] [Folia Async Scheduler Thread #1/INFO]: [SkinsRestorer] ----------------------------------------------
[23:19:22] [Folia Async Scheduler Thread #1/INFO]: [SkinsRestorer]     Version: 15.7.8
[23:19:22] [Folia Async Scheduler Thread #1/INFO]: [SkinsRestorer]     Commit: 8c78340
[23:19:22] [Folia Async Scheduler Thread #1/INFO]: [SkinsRestorer]     This is the latest version!
[23:19:22] [Folia Async Scheduler Thread #1/INFO]: [SkinsRestorer] ----------------------------------------------
[23:19:22] [Folia Async Scheduler Thread #1/INFO]: [SkinsRestorer] Do you have issues? Read our troubleshooting guide: https://skinsrestorer.net/docs/troubleshooting
[23:19:22] [Folia Async Scheduler Thread #1/INFO]: [SkinsRestorer] Want to support SkinsRestorer? Consider donating: https://skinsrestorer.net/donate
[23:19:22] [Server thread/INFO]: Preparing start region for dimension minecraft:overworld
[23:19:23] [Server thread/INFO]: Time elapsed: 1097 ms
[23:19:23] [Server thread/INFO]: Preparing start region for dimension minecraft:the_nether
[23:19:24] [Server thread/INFO]: Time elapsed: 668 ms
[23:19:24] [Server thread/INFO]: Preparing start region for dimension minecraft:the_end
[23:19:24] [Server thread/INFO]: Time elapsed: 206 ms
[23:19:24] [Server thread/INFO]: [ViaVersion] Enabling ViaVersion v5.4.1
[23:19:24] [Server thread/INFO]: [ViaVersion] ViaVersion detected server version: 1.21-1.21.1 (767)
[23:19:24] [Server thread/INFO]: [Chunky] Enabling Chunky v1.4.40
[23:19:24] [Server thread/INFO]: [LevelledMobs] Enabling LevelledMobs v4.3.2.1 b125
[23:19:24] [Server thread/INFO]: [LevelledMobs] Enabling commands
[23:19:24] [Server thread/INFO]: [LevelledMobs] Building reflection cache, use simple names: true
[23:19:24] [Server thread/INFO]: [LevelledMobs] Using NMS version 1.21 for nametag support
[23:19:24] [Server thread/INFO]: [LevelledMobs] File Loader: Loading files...
[23:19:24] [Server thread/INFO]: [LevelledMobs] File Loader: Loading file 'settings.yml'...
[23:19:24] [Server thread/INFO]: [LevelledMobs] File Loader: Loading file 'messages.yml'...
[23:19:24] [Server thread/INFO]: [LevelledMobs] File Loader: Loading file 'externalplugins.yml'...
[23:19:24] [Server thread/INFO]: [LevelledMobs] File Loader: Loading file 'rules.yml'...
[23:19:25] [Server thread/INFO]: [LevelledMobs] Current rules hash: 9b0f48e3273bb9cc29d2891ad33fb3410fec8cf1e77c2092ff670fd38f6d4ff5
[23:19:25] [Server thread/INFO]: [LevelledMobs] File Loader: Loading file 'customdrops.yml'...
[23:19:25] [Server thread/INFO]: [LevelledMobs] Listeners: Registering event listeners...
[23:19:25] [Server thread/INFO]: [LevelledMobs] Running misc procedures
[23:19:25] [Server thread/INFO]: [LevelledMobs] Tasks: Starting async nametag auto update task...
[23:19:25] [Server thread/INFO]: [LevelledMobs] Start-up complete (took 760ms)
[23:19:25] [Server thread/INFO]: [ClanMaker] Enabling ClanMaker v1.0
[23:19:25] [Server thread/INFO]: [TAB] Enabling TAB v5.2.5
[23:19:26] [Server thread/INFO]: [TAB] Enabled in 719ms
[23:19:26] [Server thread/INFO]: [UltraPickaxe] Enabling UltraPickaxe v1.2.5
[23:19:27] [Server thread/INFO]: [SetHome] Enabling SetHome v2.0
[23:19:27] [Server thread/INFO]: [AxGraves] Enabling AxGraves v1.22.3
[23:19:28] [Server thread/INFO]: [SimpleTimber] Enabling SimpleTimber v2.1.0
[23:19:28] [Server thread/INFO]: [SimpleTimber] Plugin is being enabled...
[23:19:29] [Server thread/INFO]: [SimpleTimber] Using language file: english.yml
[23:19:29] [Server thread/INFO]: [SimpleTimber] Loaded 3 configs!
[23:19:29] [Server thread/INFO]: [SimpleTimber] Registered 1 commands!
[23:19:29] [Server thread/INFO]: [SimpleTimber] Registered 2 listeners!
[23:19:29] [Server thread/INFO]: [SimpleTimber] Plugin has been enabled!
[23:19:29] [Server thread/INFO]: [spark] Starting background profiler...
[23:19:30] [Server thread/INFO]: Done preparing level "world" (8.310s)
[23:19:30] [Server thread/INFO]: Running delayed init tasks
[23:19:30] [Craft Scheduler Thread - 2 - ViaVersion/INFO]: [ViaVersion] Finished mapping loading, shutting down loader executor.
[23:19:30] [Server thread/INFO]: Done (31.936s)! For help, type "help"
[23:19:30] [Server thread/INFO]: Timings Reset
[23:19:30] [Server thread/WARN]: [ViaVersion] There is a newer plugin version available: 5.4.2, you're on: 5.4.1
[23:19:30] [Craft Scheduler Thread - 2 - SimpleTimber/INFO]: [SimpleTimber] You are using the latest version of SimpleTimber!
[23:23:58] [User Authenticator #0/INFO]: UUID of player Sebas23m is 05baa57d-e0e2-3245-950d-ef017ffd725d
[23:24:04] [Server thread/INFO]: Backyardigans - Sebas23m has joined the game
[23:24:04] [TAB Processing Thread/INFO]: [TAB] [WARN] Player Sebas23m's group (none) is not in sorting list! Sorting list: owner,admin,mod,helper,builder,vip,default. Player will be sorted on the bottom.
[23:24:04] [Server thread/INFO]: Sebas23m[/127.124.233.182:43685] logged in with entity id 44 at ([world]-1975.699999988079, 82.0, -1293.9521670123108)
[23:28:09] [Server thread/INFO]: [SimpleTimber] [Timber] Gefundene Sapling-Spots: 1
[23:28:09] [Server thread/INFO]: [SimpleTimber] [Timber] Sapling-Spot bei: -1980, 90, -1296
[23:28:09] [Server thread/INFO]: [SimpleTimber] [Timber] Dominanter Log-Typ: BIRCH_LOG
